{
  "RSpec": {
    "coverage": {
      "/home/debonair-exception-6220/tic-tac-toe-rb-online-web-sp-000/lib/tic_tac_toe.rb": [
        null,
        1,
        null,
        null,
        null,
        null,
        null,
        null,
        null,
        null,
        null,
        1,
        null,
        1,
        6,
        6,
        6,
        6,
        6,
        null,
        null,
        null,
        1,
        null,
        1,
        3,
        null,
        null,
        1,
        1,
        4,
        null,
        null,
        1,
        null,
        1,
        152,
        null,
        null,
        1,
        3,
        1,
        null,
        null,
        null,
        1,
        9,
        0,
        0,
        0,
        0,
        0,
        0,
        null,
        0,
        null,
        null,
        null,
        null,
        1,
        2,
        2,
        18,
        5,
        null,
        null,
        2,
        null,
        null,
        null,
        1,
        1,
        null,
        null,
        1,
        57,
        311,
        311,
        311,
        null,
        311,
        311,
        311,
        null,
        311,
        32,
        null,
        null,
        25,
        null,
        null,
        1,
        104,
        null,
        null,
        1,
        13,
        4,
        9,
        6,
        null,
        3,
        3,
        null,
        null,
        null,
        1,
        11,
        7,
        null,
        4,
        null,
        null,
        null,
        1,
        10,
        9,
        null,
        null,
        null,
        1,
        12,
        12,
        7,
        0,
        null,
        5,
        3,
        3,
        2,
        2,
        null,
        null
      ]
    },
    "timestamp": 1600296076
  }
}
