{
  "RSpec": {
    "coverage": {
      "/home/debonair-exception-6220/tic-tac-toe-rb-online-web-sp-000/lib/tic_tac_toe.rb": [
        null,
        1,
        null,
        null,
        null,
        null,
        null,
        null,
        null,
        null,
        null,
        1,
        null,
        1,
        21,
        21,
        21,
        21,
        21,
        null,
        null,
        null,
        1,
        null,
        1,
        19,
        null,
        null,
        1,
        1,
        19,
        null,
        null,
        1,
        null,
        1,
        288,
        null,
        null,
        1,
        19,
        16,
        null,
        null,
        null,
        1,
        16,
        16,
        16,
        16,
        15,
        15,
        null,
        1,
        null,
        null,
        null,
        null,
        1,
        15,
        15,
        135,
        26,
        null,
        null,
        15,
        null,
        null,
        null,
        1,
        14,
        null,
        null,
        1,
        92,
        514,
        514,
        514,
        null,
        514,
        514,
        514,
        null,
        514,
        43,
        null,
        null,
        49,
        null,
        null,
        1,
        145,
        null,
        null,
        1,
        21,
        4,
        17,
        14,
        null,
        3,
        3,
        null,
        null,
        null,
        1,
        17,
        9,
        null,
        8,
        null,
        null,
        null,
        1,
        14,
        13,
        null,
        null,
        null,
        1,
        12,
        12,
        13,
        13,
        13,
        null,
        12,
        6,
        6,
        6,
        6,
        null,
        null
      ]
    },
    "timestamp": 1600296031
  }
}
